0 info it worked if it ends with ok
1 verbose cli [ 'C:\\Program Files\\nodejs\\\\node.exe',
1 verbose cli   'C:\\Program Files\\nodejs\\node_modules\\npm\\bin\\npm-cli.js',
1 verbose cli   'install',
1 verbose cli   '-g',
1 verbose cli   'ower' ]
2 info using npm@1.4.28
3 info using node@v0.10.35
4 verbose node symlink C:\Program Files\nodejs\\node.exe
5 verbose cache add [ 'ower', null ]
6 verbose cache add name=undefined spec="ower" args=["ower",null]
7 verbose parsed url { protocol: null,
7 verbose parsed url   slashes: null,
7 verbose parsed url   auth: null,
7 verbose parsed url   host: null,
7 verbose parsed url   port: null,
7 verbose parsed url   hostname: null,
7 verbose parsed url   hash: null,
7 verbose parsed url   search: null,
7 verbose parsed url   query: null,
7 verbose parsed url   pathname: 'ower',
7 verbose parsed url   path: 'ower',
7 verbose parsed url   href: 'ower' }
8 silly lockFile 20c1f1ab-ower ower
9 verbose lock ower C:\Users\Dewey\AppData\Roaming\npm-cache\20c1f1ab-ower.lock
10 silly lockFile 20c1f1ab-ower ower
11 silly lockFile 20c1f1ab-ower ower
12 verbose addNamed [ 'ower', '' ]
13 verbose addNamed [ null, '*' ]
14 silly lockFile 3c9740da-ower ower@
15 verbose lock ower@ C:\Users\Dewey\AppData\Roaming\npm-cache\3c9740da-ower.lock
16 silly addNameRange { name: 'ower', range: '*', hasData: false }
17 verbose request where is /ower
18 verbose request registry https://registry.npmjs.org/
19 verbose request id 873ebb7c144e7608
20 verbose url raw /ower
21 verbose url resolving [ 'https://registry.npmjs.org/', './ower' ]
22 verbose url resolved https://registry.npmjs.org/ower
23 verbose request where is https://registry.npmjs.org/ower
24 info trying registry request attempt 1 at 12:48:31
25 http GET https://registry.npmjs.org/ower
26 http 404 https://registry.npmjs.org/ower
27 verbose headers { date: 'Wed, 31 Dec 2014 05:48:31 GMT',
27 verbose headers   server: 'CouchDB/1.5.0 (Erlang OTP/R16B03)',
27 verbose headers   'content-type': 'application/json',
27 verbose headers   'cache-control': 'max-age=0',
27 verbose headers   'content-length': '52',
27 verbose headers   'accept-ranges': 'bytes',
27 verbose headers   via: '1.1 varnish',
27 verbose headers   age: '0',
27 verbose headers   'x-served-by': 'cache-sn88-SIN',
27 verbose headers   'x-cache': 'MISS',
27 verbose headers   'x-cache-hits': '0',
27 verbose headers   'x-timer': 'S1420004911.366752,VS0,VE248',
27 verbose headers   'keep-alive': 'timeout=10, max=50',
27 verbose headers   connection: 'Keep-Alive' }
28 silly registry.get cb [ 404,
28 silly registry.get   { date: 'Wed, 31 Dec 2014 05:48:31 GMT',
28 silly registry.get     server: 'CouchDB/1.5.0 (Erlang OTP/R16B03)',
28 silly registry.get     'content-type': 'application/json',
28 silly registry.get     'cache-control': 'max-age=0',
28 silly registry.get     'content-length': '52',
28 silly registry.get     'accept-ranges': 'bytes',
28 silly registry.get     via: '1.1 varnish',
28 silly registry.get     age: '0',
28 silly registry.get     'x-served-by': 'cache-sn88-SIN',
28 silly registry.get     'x-cache': 'MISS',
28 silly registry.get     'x-cache-hits': '0',
28 silly registry.get     'x-timer': 'S1420004911.366752,VS0,VE248',
28 silly registry.get     'keep-alive': 'timeout=10, max=50',
28 silly registry.get     connection: 'Keep-Alive' } ]
29 silly lockFile 3c9740da-ower ower@
30 silly lockFile 3c9740da-ower ower@
31 error 404 404 Not Found: ower
31 error 404
31 error 404 'ower' is not in the npm registry.
31 error 404 You should bug the author to publish it
31 error 404
31 error 404 Note that you can also install from a
31 error 404 tarball, folder, or http url, or git url.
32 error System Windows_NT 6.2.9200
33 error command "C:\\Program Files\\nodejs\\\\node.exe" "C:\\Program Files\\nodejs\\node_modules\\npm\\bin\\npm-cli.js" "install" "-g" "ower"
34 error cwd C:\xampp\htdocs\emuseum
35 error node -v v0.10.35
36 error npm -v 1.4.28
37 error code E404
38 verbose exit [ 1, true ]
